mobile/build/intermediates/manifest_merge_blame_file/debug/processDebugMainManifest/manifest-merger-blame-debug-report.txt
1<?xml version="1.0" encoding="utf-8"?>
2<!--
3  ~ Copyright 2020 The Android Open Source Project
4  ~
5  ~ Licensed under the Apache License, Version 2.0 (the "License");
6  ~ you may not use this file except in compliance with the License.
7  ~ You may obtain a copy of the License at
8  ~
9  ~      https://www.apache.org/licenses/LICENSE-2.0
10  ~
11  ~ Unless required by applicable law or agreed to in writing, software
12  ~ distributed under the License is distributed on an "AS IS" BASIS,
13  ~ WITHOUT WARRANTIES OR CONDITIONS OF ANY KIND, either express or implied.
14  ~ See the License for the specific language governing permissions and
15  ~ limitations under the License.
16-->
17<manifest xmlns:android="http://schemas.android.com/apk/res/android"
18    package="com.example.edcaster"
19    android:versionCode="1"
20    android:versionName="1.0" >
21
22    <uses-sdk
23        android:minSdkVersion="21"
24        android:targetSdkVersion="33" />
25
26    <!-- Uses ACCESS_NETWORK_STATE to check if the device is connected to internet or not -->
27    <uses-permission android:name="android.permission.ACCESS_NETWORK_STATE" />
27-->src/main/AndroidManifest.xml:20:5-79
27-->src/main/AndroidManifest.xml:20:22-76
28    <!-- Uses INTERNET to fetch RSS feed + images -->
29    <uses-permission android:name="android.permission.INTERNET" />
29-->src/main/AndroidManifest.xml:22:5-67
29-->src/main/AndroidManifest.xml:22:22-64
30    <uses-permission android:name="android.permission.WAKE_LOCK" />
30-->[androidx.work:work-runtime:2.7.1] AndroidManifest.xml:25:5-68
30-->[androidx.work:work-runtime:2.7.1] AndroidManifest.xml:25:22-65
31    <uses-permission android:name="android.permission.RECEIVE_BOOT_COMPLETED" />
31-->[androidx.work:work-runtime:2.7.1] AndroidManifest.xml:27:5-81
31-->[androidx.work:work-runtime:2.7.1] AndroidManifest.xml:27:22-78
32    <uses-permission android:name="android.permission.FOREGROUND_SERVICE" />
32-->[androidx.work:work-runtime:2.7.1] AndroidManifest.xml:28:5-77
32-->[androidx.work:work-runtime:2.7.1] AndroidManifest.xml:28:22-74
33
34    <permission
34-->[androidx.core:core:1.16.0] AndroidManifest.xml:22:5-24:47
35        android:name="com.example.edcaster.DYNAMIC_RECEIVER_NOT_EXPORTED_PERMISSION"
35-->[androidx.core:core:1.16.0] AndroidManifest.xml:23:9-81
36        android:protectionLevel="signature" />
36-->[androidx.core:core:1.16.0] AndroidManifest.xml:24:9-44
37
38    <uses-permission android:name="com.example.edcaster.DYNAMIC_RECEIVER_NOT_EXPORTED_PERMISSION" />
38-->[androidx.core:core:1.16.0] AndroidManifest.xml:26:5-97
38-->[androidx.core:core:1.16.0] AndroidManifest.xml:26:22-94
39
40    <application
40-->src/main/AndroidManifest.xml:24:5-45:19
41        android:name="com.example.edcaster.EdcasterApplication"
41-->src/main/AndroidManifest.xml:25:9-44
42        android:allowBackup="true"
42-->src/main/AndroidManifest.xml:26:9-35
43        android:appComponentFactory="androidx.core.app.CoreComponentFactory"
43-->[androidx.core:core:1.16.0] AndroidManifest.xml:28:18-86
44        android:debuggable="true"
45        android:enableOnBackInvokedCallback="true"
45-->src/main/AndroidManifest.xml:31:9-51
46        android:extractNativeLibs="true"
47        android:icon="@mipmap/ic_launcher"
47-->src/main/AndroidManifest.xml:27:9-43
48        android:label="@string/app_name"
48-->src/main/AndroidManifest.xml:28:9-41
49        android:supportsRtl="true"
49-->src/main/AndroidManifest.xml:29:9-35
50        android:theme="@style/Theme.Edcaster"
50-->src/main/AndroidManifest.xml:30:9-46
51        android:usesCleartextTraffic="true" >
51-->src/main/AndroidManifest.xml:32:9-44
52        <activity
52-->src/main/AndroidManifest.xml:34:9-43:20
53            android:name="com.example.edcaster.ui.MainActivity"
53-->src/main/AndroidManifest.xml:35:13-64
54            android:exported="true"
54-->src/main/AndroidManifest.xml:38:13-36
55            android:label="@string/app_name"
55-->src/main/AndroidManifest.xml:36:13-45
56            android:theme="@style/Theme.Edcaster" >
56-->src/main/AndroidManifest.xml:37:13-50
57            <intent-filter>
57-->src/main/AndroidManifest.xml:39:13-42:29
58                <action android:name="android.intent.action.MAIN" />
58-->src/main/AndroidManifest.xml:40:17-69
58-->src/main/AndroidManifest.xml:40:25-66
59
60                <category android:name="android.intent.category.LAUNCHER" />
60-->src/main/AndroidManifest.xml:41:17-77
60-->src/main/AndroidManifest.xml:41:27-74
61            </intent-filter>
62        </activity>
63
64        <receiver
64-->[:glancewidget] AndroidManifest.xml:8:9-20:20
65            android:name="com.example.edcaster.glancewidget.EdcasterAppWidgetReceiver"
65-->[:glancewidget] AndroidManifest.xml:9:13-87
66            android:enabled="true"
66-->[:glancewidget] AndroidManifest.xml:10:13-35
67            android:exported="false"
67-->[:glancewidget] AndroidManifest.xml:11:13-37
68            android:label="@string/app_widget_description" >
68-->[:glancewidget] AndroidManifest.xml:12:13-59
69            <intent-filter>
69-->[:glancewidget] AndroidManifest.xml:13:13-15:29
70                <action android:name="android.appwidget.action.APPWIDGET_UPDATE" />
70-->[:glancewidget] AndroidManifest.xml:14:17-84
70-->[:glancewidget] AndroidManifest.xml:14:25-81
71            </intent-filter>
72
73            <meta-data
73-->[:glancewidget] AndroidManifest.xml:17:13-19:57
74                android:name="android.appwidget.provider"
74-->[:glancewidget] AndroidManifest.xml:18:17-58
75                android:resource="@xml/edcaster_info" />
75-->[:glancewidget] AndroidManifest.xml:19:17-54
76        </receiver>
77
78        <activity
78-->[androidx.glance:glance-appwidget:1.1.1] AndroidManifest.xml:23:9-28:62
79            android:name="androidx.glance.appwidget.action.ActionTrampolineActivity"
79-->[androidx.glance:glance-appwidget:1.1.1] AndroidManifest.xml:24:13-85
80            android:enabled="true"
80-->[androidx.glance:glance-appwidget:1.1.1] AndroidManifest.xml:25:13-35
81            android:excludeFromRecents="true"
81-->[androidx.glance:glance-appwidget:1.1.1] AndroidManifest.xml:26:13-46
82            android:exported="false"
82-->[androidx.glance:glance-appwidget:1.1.1] AndroidManifest.xml:27:13-37
83            android:theme="@android:style/Theme.NoDisplay" />
83-->[androidx.glance:glance-appwidget:1.1.1] AndroidManifest.xml:28:13-59
84        <activity
84-->[androidx.glance:glance-appwidget:1.1.1] AndroidManifest.xml:29:9-36:81
85            android:name="androidx.glance.appwidget.action.InvisibleActionTrampolineActivity"
85-->[androidx.glance:glance-appwidget:1.1.1] AndroidManifest.xml:30:13-94
86            android:enabled="true"
86-->[androidx.glance:glance-appwidget:1.1.1] AndroidManifest.xml:31:13-35
87            android:exported="false"
87-->[androidx.glance:glance-appwidget:1.1.1] AndroidManifest.xml:32:13-37
88            android:launchMode="singleInstance"
88-->[androidx.glance:glance-appwidget:1.1.1] AndroidManifest.xml:33:13-48
89            android:noHistory="true"
89-->[androidx.glance:glance-appwidget:1.1.1] AndroidManifest.xml:34:13-37
90            android:taskAffinity="androidx.glance.appwidget.ListAdapterCallbackTrampoline"
90-->[androidx.glance:glance-appwidget:1.1.1] AndroidManifest.xml:35:13-91
91            android:theme="@style/Widget.Glance.AppWidget.CallbackTrampoline" />
91-->[androidx.glance:glance-appwidget:1.1.1] AndroidManifest.xml:36:13-78
92
93        <receiver
93-->[androidx.glance:glance-appwidget:1.1.1] AndroidManifest.xml:38:9-41:40
94            android:name="androidx.glance.appwidget.action.ActionCallbackBroadcastReceiver"
94-->[androidx.glance:glance-appwidget:1.1.1] AndroidManifest.xml:39:13-92
95            android:enabled="true"
95-->[androidx.glance:glance-appwidget:1.1.1] AndroidManifest.xml:40:13-35
96            android:exported="false" />
96-->[androidx.glance:glance-appwidget:1.1.1] AndroidManifest.xml:41:13-37
97        <receiver
97-->[androidx.glance:glance-appwidget:1.1.1] AndroidManifest.xml:42:9-45:40
98            android:name="androidx.glance.appwidget.UnmanagedSessionReceiver"
98-->[androidx.glance:glance-appwidget:1.1.1] AndroidManifest.xml:43:13-78
99            android:enabled="true"
99-->[androidx.glance:glance-appwidget:1.1.1] AndroidManifest.xml:44:13-35
100            android:exported="false" />
100-->[androidx.glance:glance-appwidget:1.1.1] AndroidManifest.xml:45:13-37
101        <receiver
101-->[androidx.glance:glance-appwidget:1.1.1] AndroidManifest.xml:46:9-53:20
102            android:name="androidx.glance.appwidget.MyPackageReplacedReceiver"
102-->[androidx.glance:glance-appwidget:1.1.1] AndroidManifest.xml:47:13-79
103            android:enabled="true"
103-->[androidx.glance:glance-appwidget:1.1.1] AndroidManifest.xml:48:13-35
104            android:exported="false" >
104-->[androidx.glance:glance-appwidget:1.1.1] AndroidManifest.xml:49:13-37
105            <intent-filter>
105-->[androidx.glance:glance-appwidget:1.1.1] AndroidManifest.xml:50:13-52:29
106                <action android:name="android.intent.action.MY_PACKAGE_REPLACED" />
106-->[androidx.glance:glance-appwidget:1.1.1] AndroidManifest.xml:51:17-84
106-->[androidx.glance:glance-appwidget:1.1.1] AndroidManifest.xml:51:25-81
107            </intent-filter>
108        </receiver>
109
110        <service
110-->[androidx.glance:glance-appwidget:1.1.1] AndroidManifest.xml:55:9-58:72
111            android:name="androidx.glance.appwidget.GlanceRemoteViewsService"
111-->[androidx.glance:glance-appwidget:1.1.1] AndroidManifest.xml:56:13-78
112            android:exported="true"
112-->[androidx.glance:glance-appwidget:1.1.1] AndroidManifest.xml:57:13-36
113            android:permission="android.permission.BIND_REMOTEVIEWS" />
113-->[androidx.glance:glance-appwidget:1.1.1] AndroidManifest.xml:58:13-69
114
115        <activity
115-->[androidx.compose.ui:ui-tooling-android:1.9.0-alpha04] AndroidManifest.xml:23:9-25:39
116            android:name="androidx.compose.ui.tooling.PreviewActivity"
116-->[androidx.compose.ui:ui-tooling-android:1.9.0-alpha04] AndroidManifest.xml:24:13-71
117            android:exported="true" />
117-->[androidx.compose.ui:ui-tooling-android:1.9.0-alpha04] AndroidManifest.xml:25:13-36
118        <!--
119        Service for holding metadata. Cannot be instantiated.
120        Metadata will be merged from other manifests.
121        -->
122        <service
122-->[androidx.camera:camera-core:1.4.2] AndroidManifest.xml:29:9-33:78
123            android:name="androidx.camera.core.impl.MetadataHolderService"
123-->[androidx.camera:camera-core:1.4.2] AndroidManifest.xml:30:13-75
124            android:enabled="false"
124-->[androidx.camera:camera-core:1.4.2] AndroidManifest.xml:31:13-36
125            android:exported="false" />
125-->[androidx.camera:camera-core:1.4.2] AndroidManifest.xml:32:13-37
126
127        <provider
127-->[androidx.work:work-runtime:2.7.1] AndroidManifest.xml:31:9-39:20
128            android:name="androidx.startup.InitializationProvider"
128-->[androidx.work:work-runtime:2.7.1] AndroidManifest.xml:32:13-67
129            android:authorities="com.example.edcaster.androidx-startup"
129-->[androidx.work:work-runtime:2.7.1] AndroidManifest.xml:33:13-68
130            android:exported="false" >
130-->[androidx.work:work-runtime:2.7.1] AndroidManifest.xml:34:13-37
131            <meta-data
131-->[androidx.work:work-runtime:2.7.1] AndroidManifest.xml:36:13-38:52
132                android:name="androidx.work.WorkManagerInitializer"
132-->[androidx.work:work-runtime:2.7.1] AndroidManifest.xml:37:17-68
133                android:value="androidx.startup" />
133-->[androidx.work:work-runtime:2.7.1] AndroidManifest.xml:38:17-49
134            <meta-data
134-->[androidx.emoji2:emoji2:1.4.0] AndroidManifest.xml:29:13-31:52
135                android:name="androidx.emoji2.text.EmojiCompatInitializer"
135-->[androidx.emoji2:emoji2:1.4.0] AndroidManifest.xml:30:17-75
136                android:value="androidx.startup" />
136-->[androidx.emoji2:emoji2:1.4.0] AndroidManifest.xml:31:17-49
137            <meta-data
137-->[androidx.lifecycle:lifecycle-process:2.9.1] AndroidManifest.xml:29:13-31:52
138                android:name="androidx.lifecycle.ProcessLifecycleInitializer"
138-->[androidx.lifecycle:lifecycle-process:2.9.1] AndroidManifest.xml:30:17-78
139                android:value="androidx.startup" />
139-->[androidx.lifecycle:lifecycle-process:2.9.1] AndroidManifest.xml:31:17-49
140            <meta-data
140-->[androidx.profileinstaller:profileinstaller:1.4.0] AndroidManifest.xml:29:13-31:52
141                android:name="androidx.profileinstaller.ProfileInstallerInitializer"
141-->[androidx.profileinstaller:profileinstaller:1.4.0] AndroidManifest.xml:30:17-85
142                android:value="androidx.startup" />
142-->[androidx.profileinstaller:profileinstaller:1.4.0] AndroidManifest.xml:31:17-49
143        </provider>
144
145        <service
145-->[androidx.work:work-runtime:2.7.1] AndroidManifest.xml:41:9-46:35
146            android:name="androidx.work.impl.background.systemalarm.SystemAlarmService"
146-->[androidx.work:work-runtime:2.7.1] AndroidManifest.xml:42:13-88
147            android:directBootAware="false"
147-->[androidx.work:work-runtime:2.7.1] AndroidManifest.xml:43:13-44
148            android:enabled="@bool/enable_system_alarm_service_default"
148-->[androidx.work:work-runtime:2.7.1] AndroidManifest.xml:44:13-72
149            android:exported="false" />
149-->[androidx.work:work-runtime:2.7.1] AndroidManifest.xml:45:13-37
150        <service
150-->[androidx.work:work-runtime:2.7.1] AndroidManifest.xml:47:9-53:35
151            android:name="androidx.work.impl.background.systemjob.SystemJobService"
151-->[androidx.work:work-runtime:2.7.1] AndroidManifest.xml:48:13-84
152            android:directBootAware="false"
152-->[androidx.work:work-runtime:2.7.1] AndroidManifest.xml:49:13-44
153            android:enabled="@bool/enable_system_job_service_default"
153-->[androidx.work:work-runtime:2.7.1] AndroidManifest.xml:50:13-70
154            android:exported="true"
154-->[androidx.work:work-runtime:2.7.1] AndroidManifest.xml:51:13-36
155            android:permission="android.permission.BIND_JOB_SERVICE" />
155-->[androidx.work:work-runtime:2.7.1] AndroidManifest.xml:52:13-69
156        <service
156-->[androidx.work:work-runtime:2.7.1] AndroidManifest.xml:54:9-59:35
157            android:name="androidx.work.impl.foreground.SystemForegroundService"
157-->[androidx.work:work-runtime:2.7.1] AndroidManifest.xml:55:13-81
158            android:directBootAware="false"
158-->[androidx.work:work-runtime:2.7.1] AndroidManifest.xml:56:13-44
159            android:enabled="@bool/enable_system_foreground_service_default"
159-->[androidx.work:work-runtime:2.7.1] AndroidManifest.xml:57:13-77
160            android:exported="false" />
160-->[androidx.work:work-runtime:2.7.1] AndroidManifest.xml:58:13-37
161
162        <receiver
162-->[androidx.work:work-runtime:2.7.1] AndroidManifest.xml:61:9-66:35
163            android:name="androidx.work.impl.utils.ForceStopRunnable$BroadcastReceiver"
163-->[androidx.work:work-runtime:2.7.1] AndroidManifest.xml:62:13-88
164            android:directBootAware="false"
164-->[androidx.work:work-runtime:2.7.1] AndroidManifest.xml:63:13-44
165            android:enabled="true"
165-->[androidx.work:work-runtime:2.7.1] AndroidManifest.xml:64:13-35
166            android:exported="false" />
166-->[androidx.work:work-runtime:2.7.1] AndroidManifest.xml:65:13-37
167        <receiver
167-->[androidx.work:work-runtime:2.7.1] AndroidManifest.xml:67:9-77:20
168            android:name="androidx.work.impl.background.systemalarm.ConstraintProxy$BatteryChargingProxy"
168-->[androidx.work:work-runtime:2.7.1] AndroidManifest.xml:68:13-106
169            android:directBootAware="false"
169-->[androidx.work:work-runtime:2.7.1] AndroidManifest.xml:69:13-44
170            android:enabled="false"
170-->[androidx.work:work-runtime:2.7.1] AndroidManifest.xml:70:13-36
171            android:exported="false" >
171-->[androidx.work:work-runtime:2.7.1] AndroidManifest.xml:71:13-37
172            <intent-filter>
172-->[androidx.work:work-runtime:2.7.1] AndroidManifest.xml:73:13-76:29
173                <action android:name="android.intent.action.ACTION_POWER_CONNECTED" />
173-->[androidx.work:work-runtime:2.7.1] AndroidManifest.xml:74:17-87
173-->[androidx.work:work-runtime:2.7.1] AndroidManifest.xml:74:25-84
174                <action android:name="android.intent.action.ACTION_POWER_DISCONNECTED" />
174-->[androidx.work:work-runtime:2.7.1] AndroidManifest.xml:75:17-90
174-->[androidx.work:work-runtime:2.7.1] AndroidManifest.xml:75:25-87
175            </intent-filter>
176        </receiver>
177        <receiver
177-->[androidx.work:work-runtime:2.7.1] AndroidManifest.xml:78:9-88:20
178            android:name="androidx.work.impl.background.systemalarm.ConstraintProxy$BatteryNotLowProxy"
178-->[androidx.work:work-runtime:2.7.1] AndroidManifest.xml:79:13-104
179            android:directBootAware="false"
179-->[androidx.work:work-runtime:2.7.1] AndroidManifest.xml:80:13-44
180            android:enabled="false"
180-->[androidx.work:work-runtime:2.7.1] AndroidManifest.xml:81:13-36
181            android:exported="false" >
181-->[androidx.work:work-runtime:2.7.1] AndroidManifest.xml:82:13-37
182            <intent-filter>
182-->[androidx.work:work-runtime:2.7.1] AndroidManifest.xml:84:13-87:29
183                <action android:name="android.intent.action.BATTERY_OKAY" />
183-->[androidx.work:work-runtime:2.7.1] AndroidManifest.xml:85:17-77
183-->[androidx.work:work-runtime:2.7.1] AndroidManifest.xml:85:25-74
184                <action android:name="android.intent.action.BATTERY_LOW" />
184-->[androidx.work:work-runtime:2.7.1] AndroidManifest.xml:86:17-76
184-->[androidx.work:work-runtime:2.7.1] AndroidManifest.xml:86:25-73
185            </intent-filter>
186        </receiver>
187        <receiver
187-->[androidx.work:work-runtime:2.7.1] AndroidManifest.xml:89:9-99:20
188            android:name="androidx.work.impl.background.systemalarm.ConstraintProxy$StorageNotLowProxy"
188-->[androidx.work:work-runtime:2.7.1] AndroidManifest.xml:90:13-104
189            android:directBootAware="false"
189-->[androidx.work:work-runtime:2.7.1] AndroidManifest.xml:91:13-44
190            android:enabled="false"
190-->[androidx.work:work-runtime:2.7.1] AndroidManifest.xml:92:13-36
191            android:exported="false" >
191-->[androidx.work:work-runtime:2.7.1] AndroidManifest.xml:93:13-37
192            <intent-filter>
192-->[androidx.work:work-runtime:2.7.1] AndroidManifest.xml:95:13-98:29
193                <action android:name="android.intent.action.DEVICE_STORAGE_LOW" />
193-->[androidx.work:work-runtime:2.7.1] AndroidManifest.xml:96:17-83
193-->[androidx.work:work-runtime:2.7.1] AndroidManifest.xml:96:25-80
194                <action android:name="android.intent.action.DEVICE_STORAGE_OK" />
194-->[androidx.work:work-runtime:2.7.1] AndroidManifest.xml:97:17-82
194-->[androidx.work:work-runtime:2.7.1] AndroidManifest.xml:97:25-79
195            </intent-filter>
196        </receiver>
197        <receiver
197-->[androidx.work:work-runtime:2.7.1] AndroidManifest.xml:100:9-109:20
198            android:name="androidx.work.impl.background.systemalarm.ConstraintProxy$NetworkStateProxy"
198-->[androidx.work:work-runtime:2.7.1] AndroidManifest.xml:101:13-103
199            android:directBootAware="false"
199-->[androidx.work:work-runtime:2.7.1] AndroidManifest.xml:102:13-44
200            android:enabled="false"
200-->[androidx.work:work-runtime:2.7.1] AndroidManifest.xml:103:13-36
201            android:exported="false" >
201-->[androidx.work:work-runtime:2.7.1] AndroidManifest.xml:104:13-37
202            <intent-filter>
202-->[androidx.work:work-runtime:2.7.1] AndroidManifest.xml:106:13-108:29
203                <action android:name="android.net.conn.CONNECTIVITY_CHANGE" />
203-->[androidx.work:work-runtime:2.7.1] AndroidManifest.xml:107:17-79
203-->[androidx.work:work-runtime:2.7.1] AndroidManifest.xml:107:25-76
204            </intent-filter>
205        </receiver>
206        <receiver
206-->[androidx.work:work-runtime:2.7.1] AndroidManifest.xml:110:9-121:20
207            android:name="androidx.work.impl.background.systemalarm.RescheduleReceiver"
207-->[androidx.work:work-runtime:2.7.1] AndroidManifest.xml:111:13-88
208            android:directBootAware="false"
208-->[androidx.work:work-runtime:2.7.1] AndroidManifest.xml:112:13-44
209            android:enabled="false"
209-->[androidx.work:work-runtime:2.7.1] AndroidManifest.xml:113:13-36
210            android:exported="false" >
210-->[androidx.work:work-runtime:2.7.1] AndroidManifest.xml:114:13-37
211            <intent-filter>
211-->[androidx.work:work-runtime:2.7.1] AndroidManifest.xml:116:13-120:29
212                <action android:name="android.intent.action.BOOT_COMPLETED" />
212-->[androidx.work:work-runtime:2.7.1] AndroidManifest.xml:117:17-79
212-->[androidx.work:work-runtime:2.7.1] AndroidManifest.xml:117:25-76
213                <action android:name="android.intent.action.TIME_SET" />
213-->[androidx.work:work-runtime:2.7.1] AndroidManifest.xml:118:17-73
213-->[androidx.work:work-runtime:2.7.1] AndroidManifest.xml:118:25-70
214                <action android:name="android.intent.action.TIMEZONE_CHANGED" />
214-->[androidx.work:work-runtime:2.7.1] AndroidManifest.xml:119:17-81
214-->[androidx.work:work-runtime:2.7.1] AndroidManifest.xml:119:25-78
215            </intent-filter>
216        </receiver>
217        <receiver
217-->[androidx.work:work-runtime:2.7.1] AndroidManifest.xml:122:9-131:20
218            android:name="androidx.work.impl.background.systemalarm.ConstraintProxyUpdateReceiver"
218-->[androidx.work:work-runtime:2.7.1] AndroidManifest.xml:123:13-99
219            android:directBootAware="false"
219-->[androidx.work:work-runtime:2.7.1] AndroidManifest.xml:124:13-44
220            android:enabled="@bool/enable_system_alarm_service_default"
220-->[androidx.work:work-runtime:2.7.1] AndroidManifest.xml:125:13-72
221            android:exported="false" >
221-->[androidx.work:work-runtime:2.7.1] AndroidManifest.xml:126:13-37
222            <intent-filter>
222-->[androidx.work:work-runtime:2.7.1] AndroidManifest.xml:128:13-130:29
223                <action android:name="androidx.work.impl.background.systemalarm.UpdateProxies" />
223-->[androidx.work:work-runtime:2.7.1] AndroidManifest.xml:129:17-98
223-->[androidx.work:work-runtime:2.7.1] AndroidManifest.xml:129:25-95
224            </intent-filter>
225        </receiver>
226        <receiver
226-->[androidx.work:work-runtime:2.7.1] AndroidManifest.xml:132:9-142:20
227            android:name="androidx.work.impl.diagnostics.DiagnosticsReceiver"
227-->[androidx.work:work-runtime:2.7.1] AndroidManifest.xml:133:13-78
228            android:directBootAware="false"
228-->[androidx.work:work-runtime:2.7.1] AndroidManifest.xml:134:13-44
229            android:enabled="true"
229-->[androidx.work:work-runtime:2.7.1] AndroidManifest.xml:135:13-35
230            android:exported="true"
230-->[androidx.work:work-runtime:2.7.1] AndroidManifest.xml:136:13-36
231            android:permission="android.permission.DUMP" >
231-->[androidx.work:work-runtime:2.7.1] AndroidManifest.xml:137:13-57
232            <intent-filter>
232-->[androidx.work:work-runtime:2.7.1] AndroidManifest.xml:139:13-141:29
233                <action android:name="androidx.work.diagnostics.REQUEST_DIAGNOSTICS" />
233-->[androidx.work:work-runtime:2.7.1] AndroidManifest.xml:140:17-88
233-->[androidx.work:work-runtime:2.7.1] AndroidManifest.xml:140:25-85
234            </intent-filter>
235        </receiver>
236
237        <uses-library
237-->[androidx.window:window:1.4.0] AndroidManifest.xml:23:9-25:40
238            android:name="androidx.window.extensions"
238-->[androidx.window:window:1.4.0] AndroidManifest.xml:24:13-54
239            android:required="false" />
239-->[androidx.window:window:1.4.0] AndroidManifest.xml:25:13-37
240        <uses-library
240-->[androidx.window:window:1.4.0] AndroidManifest.xml:26:9-28:40
241            android:name="androidx.window.sidecar"
241-->[androidx.window:window:1.4.0] AndroidManifest.xml:27:13-51
242            android:required="false" />
242-->[androidx.window:window:1.4.0] AndroidManifest.xml:28:13-37
243
244        <service
244-->[androidx.core:core-remoteviews:1.1.0] AndroidManifest.xml:24:9-27:63
245            android:name="androidx.core.widget.RemoteViewsCompatService"
245-->[androidx.core:core-remoteviews:1.1.0] AndroidManifest.xml:25:13-73
246            android:permission="android.permission.BIND_REMOTEVIEWS" />
246-->[androidx.core:core-remoteviews:1.1.0] AndroidManifest.xml:26:13-69
247
248        <activity
248-->[androidx.compose.ui:ui-test-manifest:1.9.0-alpha04] AndroidManifest.xml:23:9-26:79
249            android:name="androidx.activity.ComponentActivity"
249-->[androidx.compose.ui:ui-test-manifest:1.9.0-alpha04] AndroidManifest.xml:24:13-63
250            android:exported="true"
250-->[androidx.compose.ui:ui-test-manifest:1.9.0-alpha04] AndroidManifest.xml:25:13-36
251            android:theme="@android:style/Theme.Material.Light.NoActionBar" />
251-->[androidx.compose.ui:ui-test-manifest:1.9.0-alpha04] AndroidManifest.xml:26:13-76
252
253        <service
253-->[androidx.room:room-runtime-android:2.7.2] AndroidManifest.xml:24:9-28:63
254            android:name="androidx.room.MultiInstanceInvalidationService"
254-->[androidx.room:room-runtime-android:2.7.2] AndroidManifest.xml:25:13-74
255            android:directBootAware="true"
255-->[androidx.room:room-runtime-android:2.7.2] AndroidManifest.xml:26:13-43
256            android:exported="false" />
256-->[androidx.room:room-runtime-android:2.7.2] AndroidManifest.xml:27:13-37
257
258        <receiver
258-->[androidx.profileinstaller:profileinstaller:1.4.0] AndroidManifest.xml:34:9-52:20
259            android:name="androidx.profileinstaller.ProfileInstallReceiver"
259-->[androidx.profileinstaller:profileinstaller:1.4.0] AndroidManifest.xml:35:13-76
260            android:directBootAware="false"
260-->[androidx.profileinstaller:profileinstaller:1.4.0] AndroidManifest.xml:36:13-44
261            android:enabled="true"
261-->[androidx.profileinstaller:profileinstaller:1.4.0] AndroidManifest.xml:37:13-35
262            android:exported="true"
262-->[androidx.profileinstaller:profileinstaller:1.4.0] AndroidManifest.xml:38:13-36
263            android:permission="android.permission.DUMP" >
263-->[androidx.profileinstaller:profileinstaller:1.4.0] AndroidManifest.xml:39:13-57
264            <intent-filter>
264-->[androidx.profileinstaller:profileinstaller:1.4.0] AndroidManifest.xml:40:13-42:29
265                <action android:name="androidx.profileinstaller.action.INSTALL_PROFILE" />
265-->[androidx.profileinstaller:profileinstaller:1.4.0] AndroidManifest.xml:41:17-91
265-->[androidx.profileinstaller:profileinstaller:1.4.0] AndroidManifest.xml:41:25-88
266            </intent-filter>
267            <intent-filter>
267-->[androidx.profileinstaller:profileinstaller:1.4.0] AndroidManifest.xml:43:13-45:29
268                <action android:name="androidx.profileinstaller.action.SKIP_FILE" />
268-->[androidx.profileinstaller:profileinstaller:1.4.0] AndroidManifest.xml:44:17-85
268-->[androidx.profileinstaller:profileinstaller:1.4.0] AndroidManifest.xml:44:25-82
269            </intent-filter>
270            <intent-filter>
270-->[androidx.profileinstaller:profileinstaller:1.4.0] AndroidManifest.xml:46:13-48:29
271                <action android:name="androidx.profileinstaller.action.SAVE_PROFILE" />
271-->[androidx.profileinstaller:profileinstaller:1.4.0] AndroidManifest.xml:47:17-88
271-->[androidx.profileinstaller:profileinstaller:1.4.0] AndroidManifest.xml:47:25-85
272            </intent-filter>
273            <intent-filter>
273-->[androidx.profileinstaller:profileinstaller:1.4.0] AndroidManifest.xml:49:13-51:29
274                <action android:name="androidx.profileinstaller.action.BENCHMARK_OPERATION" />
274-->[androidx.profileinstaller:profileinstaller:1.4.0] AndroidManifest.xml:50:17-95
274-->[androidx.profileinstaller:profileinstaller:1.4.0] AndroidManifest.xml:50:25-92
275            </intent-filter>
276        </receiver>
277    </application>
278
279</manifest>